<?xml version="1.0" encoding="UTF-8"?>
<!-- Generated by org.testng.reporters.JUnitReportReporter -->
<testsuite hostname="Javeed" failures="0" tests="1" name="testscripts.E2ETest" time="476.392" errors="0" timestamp="2023-10-02T19:17:56 IST" skipped="0">
  <testcase classname="testscripts.E2ETest" name="test1" time="476.392"/>
</testsuite> <!-- testscripts.E2ETest -->
