<?xml version="1.0" encoding="UTF-8"?>
<!-- Generated by org.testng.reporters.JUnitReportReporter -->
<testsuite hostname="Javeed" failures="0" tests="1" name="e2e.E2E" time="2.457" errors="0" timestamp="2023-09-30T17:07:03 IST" skipped="0">
  <testcase classname="e2e.E2E" name="LogInValidation" time="2.457"/>
</testsuite> <!-- e2e.E2E -->
